<?xml version="1.0" encoding="UTF-8"?>
<!-- Generated by org.testng.reporters.JUnitReportReporter -->
<testsuite hostname="LTIN508310" failures="0" tests="7" name="Test.Testng" time="146.830" errors="0" timestamp="2024-11-11T14:23:16 IST" skipped="0">
  <testcase classname="Test.Testng" name="HomePagesearch" time="71.669"/>
  <system-out/>
  <testcase classname="Test.Testng" name="searchResults" time="1.045"/>
  <system-out/>
  <testcase classname="Test.Testng" name="deSelect" time="0.008"/>
  <system-out/>
  <testcase classname="Test.Testng" name="languagesandLevels" time="4.178"/>
  <system-out/>
  <testcase classname="Test.Testng" name="Navigate" time="61.845"/>
  <system-out/>
  <testcase classname="Test.Testng" name="form" time="8.057"/>
  <system-out/>
  <testcase classname="Test.Testng" name="form" time="0.028"/>
  <system-out/>
</testsuite> <!-- Test.Testng -->
